Command line invocation:
    /Applications/Xcode.app/Contents/Developer/usr/bin/xcodebuild clean build -workspace Demo.xcworkspace -scheme Demo -sdk iphoneos -destination generic/platform=iOS -configuration Debug

User defaults from command line:
    IDEPackageSupportUseBuiltinSCM = YES

Build settings from command line:
    SDKROOT = iphoneos17.5


** CLEAN SUCCEEDED ** [0.295 sec]

Prepare packages

ComputeTargetDependencyGraph
note: Building targets in dependency order
note: Target dependency graph (2 targets)
    Target 'Demo' in project 'Demo'
        ➜ Implicit dependency on target 'Pods-share_pods-Demo' in project 'Pods' via file 'libPods-share_pods-Demo.a' in build phase 'Link Binary'
    Target 'Pods-share_pods-Demo' in project 'Pods' (no dependencies)

GatherProvisioningInputs

CreateBuildDescription

ExecuteExternalTool /Applications/Xcode.app/Contents/Developer/Toolchains/XcodeDefault.xctoolchain/usr/bin/clang -v -E -dM -arch arm64 -isysroot /Applications/Xcode.app/Contents/Developer/Platforms/iPhoneOS.platform/Developer/SDKs/iPhoneOS17.5.sdk -x objective-c -c /dev/null

ExecuteExternalTool /Applications/Xcode.app/Contents/Developer/Toolchains/XcodeDefault.xctoolchain/usr/bin/clang -v -E -dM -isysroot /Applications/Xcode.app/Contents/Developer/Platforms/iPhoneOS.platform/Developer/SDKs/iPhoneOS17.5.sdk -x c -c /dev/null

ExecuteExternalTool /Applications/Xcode.app/Contents/Developer/usr/bin/ibtool --version --output-format xml1

ExecuteExternalTool /Applications/Xcode.app/Contents/Developer/Toolchains/XcodeDefault.xctoolchain/usr/bin/libtool -V

ExecuteExternalTool /Applications/Xcode.app/Contents/Developer/usr/bin/actool --print-asset-tag-combinations --output-format xml1 /Users/lizhankun/Documents/GitHub/iOS/Architectural Patterns/MVCDemo/Demo/Assets.xcassets

ExecuteExternalTool /Applications/Xcode.app/Contents/Developer/usr/bin/actool --version --output-format xml1

ExecuteExternalTool /Applications/Xcode.app/Contents/Developer/Toolchains/XcodeDefault.xctoolchain/usr/bin/clang -v -E -dM -arch arm64 -isysroot /Applications/Xcode.app/Contents/Developer/Platforms/iPhoneOS.platform/Developer/SDKs/iPhoneOS17.5.sdk -x c -c /dev/null

ExecuteExternalTool /Applications/Xcode.app/Contents/Developer/Toolchains/XcodeDefault.xctoolchain/usr/bin/ld -version_details

Build description signature: c742bf2c501f9ffc2aa5cd2d9456f2e6
Build description path: /Users/lizhankun/Library/Developer/Xcode/DerivedData/Demo-ccktgstpzkmoikgsrjmedwdczuuk/Build/Intermediates.noindex/XCBuildData/c742bf2c501f9ffc2aa5cd2d9456f2e6.xcbuilddata
ClangStatCache /Applications/Xcode.app/Contents/Developer/Toolchains/XcodeDefault.xctoolchain/usr/bin/clang-stat-cache /Applications/Xcode.app/Contents/Developer/Platforms/iPhoneOS.platform/Developer/SDKs/iPhoneOS17.5.sdk /Users/lizhankun/Library/Developer/Xcode/DerivedData/SDKStatCaches.noindex/iphoneos17.5-21F77-f6b513226ab75d8b6e514a3d72c62b80.sdkstatcache
    cd /Users/lizhankun/Documents/GitHub/iOS/Architectural\ Patterns/MVCDemo
    /Applications/Xcode.app/Contents/Developer/Toolchains/XcodeDefault.xctoolchain/usr/bin/clang-stat-cache /Applications/Xcode.app/Contents/Developer/Platforms/iPhoneOS.platform/Developer/SDKs/iPhoneOS17.5.sdk -o /Users/lizhankun/Library/Developer/Xcode/DerivedData/SDKStatCaches.noindex/iphoneos17.5-21F77-f6b513226ab75d8b6e514a3d72c62b80.sdkstatcache

CreateBuildDirectory /Users/lizhankun/Library/Developer/Xcode/DerivedData/Demo-ccktgstpzkmoikgsrjmedwdczuuk/Build/Products
    cd /Users/lizhankun/Documents/GitHub/iOS/Architectural\ Patterns/MVCDemo
    builtin-create-build-directory /Users/lizhankun/Library/Developer/Xcode/DerivedData/Demo-ccktgstpzkmoikgsrjmedwdczuuk/Build/Products

CreateBuildDirectory /Users/lizhankun/Library/Developer/Xcode/DerivedData/Demo-ccktgstpzkmoikgsrjmedwdczuuk/Build/Intermediates.noindex
    cd /Users/lizhankun/Documents/GitHub/iOS/Architectural\ Patterns/MVCDemo
    builtin-create-build-directory /Users/lizhankun/Library/Developer/Xcode/DerivedData/Demo-ccktgstpzkmoikgsrjmedwdczuuk/Build/Intermediates.noindex

CreateBuildDirectory /Users/lizhankun/Library/Developer/Xcode/DerivedData/Demo-ccktgstpzkmoikgsrjmedwdczuuk/Build/Products/Debug-iphoneos
    cd /Users/lizhankun/Documents/GitHub/iOS/Architectural\ Patterns/MVCDemo
    builtin-create-build-directory /Users/lizhankun/Library/Developer/Xcode/DerivedData/Demo-ccktgstpzkmoikgsrjmedwdczuuk/Build/Products/Debug-iphoneos

CreateBuildDirectory /Users/lizhankun/Library/Developer/Xcode/DerivedData/Demo-ccktgstpzkmoikgsrjmedwdczuuk/Build/Intermediates.noindex/EagerLinkingTBDs/Debug-iphoneos
    cd /Users/lizhankun/Documents/GitHub/iOS/Architectural\ Patterns/MVCDemo
    builtin-create-build-directory /Users/lizhankun/Library/Developer/Xcode/DerivedData/Demo-ccktgstpzkmoikgsrjmedwdczuuk/Build/Intermediates.noindex/EagerLinkingTBDs/Debug-iphoneos

MkDir /Users/lizhankun/Library/Developer/Xcode/DerivedData/Demo-ccktgstpzkmoikgsrjmedwdczuuk/Build/Products/Debug-iphoneos/Demo.app (in target 'Demo' from project 'Demo')
    cd /Users/lizhankun/Documents/GitHub/iOS/Architectural\ Patterns/MVCDemo
    /bin/mkdir -p /Users/lizhankun/Library/Developer/Xcode/DerivedData/Demo-ccktgstpzkmoikgsrjmedwdczuuk/Build/Products/Debug-iphoneos/Demo.app

WriteAuxiliaryFile /Users/lizhankun/Library/Developer/Xcode/DerivedData/Demo-ccktgstpzkmoikgsrjmedwdczuuk/Build/Intermediates.noindex/Pods.build/Debug-iphoneos/Pods-share_pods-Demo.build/Pods-share_pods-Demo-project-headers.hmap (in target 'Pods-share_pods-Demo' from project 'Pods')
    cd /Users/lizhankun/Documents/GitHub/iOS/Architectural\ Patterns/MVCDemo/Pods
    write-file /Users/lizhankun/Library/Developer/Xcode/DerivedData/Demo-ccktgstpzkmoikgsrjmedwdczuuk/Build/Intermediates.noindex/Pods.build/Debug-iphoneos/Pods-share_pods-Demo.build/Pods-share_pods-Demo-project-headers.hmap

WriteAuxiliaryFile /Users/lizhankun/Library/Developer/Xcode/DerivedData/Demo-ccktgstpzkmoikgsrjmedwdczuuk/Build/Intermediates.noindex/Pods.build/Debug-iphoneos/Pods-share_pods-Demo.build/Pods-share_pods-Demo-generated-files.hmap (in target 'Pods-share_pods-Demo' from project 'Pods')
    cd /Users/lizhankun/Documents/GitHub/iOS/Architectural\ Patterns/MVCDemo/Pods
    write-file /Users/lizhankun/Library/Developer/Xcode/DerivedData/Demo-ccktgstpzkmoikgsrjmedwdczuuk/Build/Intermediates.noindex/Pods.build/Debug-iphoneos/Pods-share_pods-Demo.build/Pods-share_pods-Demo-generated-files.hmap

WriteAuxiliaryFile /Users/lizhankun/Library/Developer/Xcode/DerivedData/Demo-ccktgstpzkmoikgsrjmedwdczuuk/Build/Intermediates.noindex/Pods.build/Debug-iphoneos/Pods-share_pods-Demo.build/Pods-share_pods-Demo.hmap (in target 'Pods-share_pods-Demo' from project 'Pods')
    cd /Users/lizhankun/Documents/GitHub/iOS/Architectural\ Patterns/MVCDemo/Pods
    write-file /Users/lizhankun/Library/Developer/Xcode/DerivedData/Demo-ccktgstpzkmoikgsrjmedwdczuuk/Build/Intermediates.noindex/Pods.build/Debug-iphoneos/Pods-share_pods-Demo.build/Pods-share_pods-Demo.hmap

WriteAuxiliaryFile /Users/lizhankun/Library/Developer/Xcode/DerivedData/Demo-ccktgstpzkmoikgsrjmedwdczuuk/Build/Intermediates.noindex/Pods.build/Debug-iphoneos/Pods-share_pods-Demo.build/all-product-headers.yaml (in target 'Pods-share_pods-Demo' from project 'Pods')
    cd /Users/lizhankun/Documents/GitHub/iOS/Architectural\ Patterns/MVCDemo/Pods
    write-file /Users/lizhankun/Library/Developer/Xcode/DerivedData/Demo-ccktgstpzkmoikgsrjmedwdczuuk/Build/Intermediates.noindex/Pods.build/Debug-iphoneos/Pods-share_pods-Demo.build/all-product-headers.yaml

WriteAuxiliaryFile /Users/lizhankun/Library/Developer/Xcode/DerivedData/Demo-ccktgstpzkmoikgsrjmedwdczuuk/Build/Intermediates.noindex/Pods.build/Debug-iphoneos/Pods-share_pods-Demo.build/Pods-share_pods-Demo-own-target-headers.hmap (in target 'Pods-share_pods-Demo' from project 'Pods')
    cd /Users/lizhankun/Documents/GitHub/iOS/Architectural\ Patterns/MVCDemo/Pods
    write-file /Users/lizhankun/Library/Developer/Xcode/DerivedData/Demo-ccktgstpzkmoikgsrjmedwdczuuk/Build/Intermediates.noindex/Pods.build/Debug-iphoneos/Pods-share_pods-Demo.build/Pods-share_pods-Demo-own-target-headers.hmap

WriteAuxiliaryFile /Users/lizhankun/Library/Developer/Xcode/DerivedData/Demo-ccktgstpzkmoikgsrjmedwdczuuk/Build/Intermediates.noindex/Pods.build/Debug-iphoneos/Pods-share_pods-Demo.build/Pods-share_pods-Demo-all-target-headers.hmap (in target 'Pods-share_pods-Demo' from project 'Pods')
    cd /Users/lizhankun/Documents/GitHub/iOS/Architectural\ Patterns/MVCDemo/Pods
    write-file /Users/lizhankun/Library/Developer/Xcode/DerivedData/Demo-ccktgstpzkmoikgsrjmedwdczuuk/Build/Intermediates.noindex/Pods.build/Debug-iphoneos/Pods-share_pods-Demo.build/Pods-share_pods-Demo-all-target-headers.hmap

WriteAuxiliaryFile /Users/lizhankun/Library/Developer/Xcode/DerivedData/Demo-ccktgstpzkmoikgsrjmedwdczuuk/Build/Intermediates.noindex/Pods.build/Debug-iphoneos/Pods-share_pods-Demo.build/Pods-share_pods-Demo-all-non-framework-target-headers.hmap (in target 'Pods-share_pods-Demo' from project 'Pods')
    cd /Users/lizhankun/Documents/GitHub/iOS/Architectural\ Patterns/MVCDemo/Pods
    write-file /Users/lizhankun/Library/Developer/Xcode/DerivedData/Demo-ccktgstpzkmoikgsrjmedwdczuuk/Build/Intermediates.noindex/Pods.build/Debug-iphoneos/Pods-share_pods-Demo.build/Pods-share_pods-Demo-all-non-framework-target-headers.hmap

WriteAuxiliaryFile /Users/lizhankun/Library/Developer/Xcode/DerivedData/Demo-ccktgstpzkmoikgsrjmedwdczuuk/Build/Intermediates.noindex/Demo.build/Debug-iphoneos/Demo.build/Demo.hmap (in target 'Demo' from project 'Demo')
    cd /Users/lizhankun/Documents/GitHub/iOS/Architectural\ Patterns/MVCDemo
    write-file /Users/lizhankun/Library/Developer/Xcode/DerivedData/Demo-ccktgstpzkmoikgsrjmedwdczuuk/Build/Intermediates.noindex/Demo.build/Debug-iphoneos/Demo.build/Demo.hmap

WriteAuxiliaryFile /Users/lizhankun/Library/Developer/Xcode/DerivedData/Demo-ccktgstpzkmoikgsrjmedwdczuuk/Build/Intermediates.noindex/Demo.build/Debug-iphoneos/Demo.build/Demo-project-headers.hmap (in target 'Demo' from project 'Demo')
    cd /Users/lizhankun/Documents/GitHub/iOS/Architectural\ Patterns/MVCDemo
    write-file /Users/lizhankun/Library/Developer/Xcode/DerivedData/Demo-ccktgstpzkmoikgsrjmedwdczuuk/Build/Intermediates.noindex/Demo.build/Debug-iphoneos/Demo.build/Demo-project-headers.hmap

WriteAuxiliaryFile /Users/lizhankun/Library/Developer/Xcode/DerivedData/Demo-ccktgstpzkmoikgsrjmedwdczuuk/Build/Intermediates.noindex/Demo.build/Debug-iphoneos/Demo.build/all-product-headers.yaml (in target 'Demo' from project 'Demo')
    cd /Users/lizhankun/Documents/GitHub/iOS/Architectural\ Patterns/MVCDemo
    write-file /Users/lizhankun/Library/Developer/Xcode/DerivedData/Demo-ccktgstpzkmoikgsrjmedwdczuuk/Build/Intermediates.noindex/Demo.build/Debug-iphoneos/Demo.build/all-product-headers.yaml

WriteAuxiliaryFile /Users/lizhankun/Library/Developer/Xcode/DerivedData/Demo-ccktgstpzkmoikgsrjmedwdczuuk/Build/Intermediates.noindex/Demo.build/Debug-iphoneos/Demo.build/Demo-own-target-headers.hmap (in target 'Demo' from project 'Demo')
    cd /Users/lizhankun/Documents/GitHub/iOS/Architectural\ Patterns/MVCDemo
    write-file /Users/lizhankun/Library/Developer/Xcode/DerivedData/Demo-ccktgstpzkmoikgsrjmedwdczuuk/Build/Intermediates.noindex/Demo.build/Debug-iphoneos/Demo.build/Demo-own-target-headers.hmap

WriteAuxiliaryFile /Users/lizhankun/Library/Developer/Xcode/DerivedData/Demo-ccktgstpzkmoikgsrjmedwdczuuk/Build/Intermediates.noindex/Demo.build/Debug-iphoneos/Demo.build/Demo-generated-files.hmap (in target 'Demo' from project 'Demo')
    cd /Users/lizhankun/Documents/GitHub/iOS/Architectural\ Patterns/MVCDemo
    write-file /Users/lizhankun/Library/Developer/Xcode/DerivedData/Demo-ccktgstpzkmoikgsrjmedwdczuuk/Build/Intermediates.noindex/Demo.build/Debug-iphoneos/Demo.build/Demo-generated-files.hmap

WriteAuxiliaryFile /Users/lizhankun/Library/Developer/Xcode/DerivedData/Demo-ccktgstpzkmoikgsrjmedwdczuuk/Build/Intermediates.noindex/Demo.build/Debug-iphoneos/Demo.build/Demo-all-target-headers.hmap (in target 'Demo' from project 'Demo')
    cd /Users/lizhankun/Documents/GitHub/iOS/Architectural\ Patterns/MVCDemo
    write-file /Users/lizhankun/Library/Developer/Xcode/DerivedData/Demo-ccktgstpzkmoikgsrjmedwdczuuk/Build/Intermediates.noindex/Demo.build/Debug-iphoneos/Demo.build/Demo-all-target-headers.hmap

WriteAuxiliaryFile /Users/lizhankun/Library/Developer/Xcode/DerivedData/Demo-ccktgstpzkmoikgsrjmedwdczuuk/Build/Intermediates.noindex/Demo.build/Debug-iphoneos/Demo.build/Demo-all-non-framework-target-headers.hmap (in target 'Demo' from project 'Demo')
    cd /Users/lizhankun/Documents/GitHub/iOS/Architectural\ Patterns/MVCDemo
    write-file /Users/lizhankun/Library/Developer/Xcode/DerivedData/Demo-ccktgstpzkmoikgsrjmedwdczuuk/Build/Intermediates.noindex/Demo.build/Debug-iphoneos/Demo.build/Demo-all-non-framework-target-headers.hmap

WriteAuxiliaryFile /Users/lizhankun/Library/Developer/Xcode/DerivedData/Demo-ccktgstpzkmoikgsrjmedwdczuuk/Build/Intermediates.noindex/Pods.build/Debug-iphoneos/Pods-share_pods-Demo.build/Objects-normal/arm64/Pods-share_pods-Demo.LinkFileList (in target 'Pods-share_pods-Demo' from project 'Pods')
    cd /Users/lizhankun/Documents/GitHub/iOS/Architectural\ Patterns/MVCDemo/Pods
    write-file /Users/lizhankun/Library/Developer/Xcode/DerivedData/Demo-ccktgstpzkmoikgsrjmedwdczuuk/Build/Intermediates.noindex/Pods.build/Debug-iphoneos/Pods-share_pods-Demo.build/Objects-normal/arm64/Pods-share_pods-Demo.LinkFileList

WriteAuxiliaryFile /Users/lizhankun/Library/Developer/Xcode/DerivedData/Demo-ccktgstpzkmoikgsrjmedwdczuuk/Build/Intermediates.noindex/Pods.build/Debug-iphoneos/Pods-share_pods-Demo.build/Objects-normal/arm64/e6072d4f65d7061329687fe24e3d63a7-common-args.resp (in target 'Pods-share_pods-Demo' from project 'Pods')
    cd /Users/lizhankun/Documents/GitHub/iOS/Architectural\ Patterns/MVCDemo/Pods
    write-file /Users/lizhankun/Library/Developer/Xcode/DerivedData/Demo-ccktgstpzkmoikgsrjmedwdczuuk/Build/Intermediates.noindex/Pods.build/Debug-iphoneos/Pods-share_pods-Demo.build/Objects-normal/arm64/e6072d4f65d7061329687fe24e3d63a7-common-args.resp
-target arm64-apple-ios8.0 '-std=gnu11' -fobjc-arc -fobjc-weak -fmodules '-fmodules-cache-path=/Users/lizhankun/Library/Developer/Xcode/DerivedData/ModuleCache.noindex' -fpascal-strings -O0 -fno-common '-DPOD_CONFIGURATION_DEBUG=1' '-DDEBUG=1' '-DCOCOAPODS=1' '-DOBJC_OLD_DISPATCH_PROTOTYPES=0' -isysroot /Applications/Xcode.app/Contents/Developer/Platforms/iPhoneOS.platform/Developer/SDKs/iPhoneOS17.5.sdk -g -iquote /Users/lizhankun/Library/Developer/Xcode/DerivedData/Demo-ccktgstpzkmoikgsrjmedwdczuuk/Build/Intermediates.noindex/Pods.build/Debug-iphoneos/Pods-share_pods-Demo.build/Pods-share_pods-Demo-generated-files.hmap -I/Users/lizhankun/Library/Developer/Xcode/DerivedData/Demo-ccktgstpzkmoikgsrjmedwdczuuk/Build/Intermediates.noindex/Pods.build/Debug-iphoneos/Pods-share_pods-Demo.build/Pods-share_pods-Demo-own-target-headers.hmap -I/Users/lizhankun/Library/Developer/Xcode/DerivedData/Demo-ccktgstpzkmoikgsrjmedwdczuuk/Build/Intermediates.noindex/Pods.build/Debug-iphoneos/Pods-share_pods-Demo.build/Pods-share_pods-Demo-all-target-headers.hmap -iquote /Users/lizhankun/Library/Developer/Xcode/DerivedData/Demo-ccktgstpzkmoikgsrjmedwdczuuk/Build/Intermediates.noindex/Pods.build/Debug-iphoneos/Pods-share_pods-Demo.build/Pods-share_pods-Demo-project-headers.hmap -I/Users/lizhankun/Library/Developer/Xcode/DerivedData/Demo-ccktgstpzkmoikgsrjmedwdczuuk/Build/Products/Debug-iphoneos/include -I/Users/lizhankun/Library/Developer/Xcode/DerivedData/Demo-ccktgstpzkmoikgsrjmedwdczuuk/Build/Intermediates.noindex/Pods.build/Debug-iphoneos/Pods-share_pods-Demo.build/DerivedSources-normal/arm64 -I/Users/lizhankun/Library/Developer/Xcode/DerivedData/Demo-ccktgstpzkmoikgsrjmedwdczuuk/Build/Intermediates.noindex/Pods.build/Debug-iphoneos/Pods-share_pods-Demo.build/DerivedSources/arm64 -I/Users/lizhankun/Library/Developer/Xcode/DerivedData/Demo-ccktgstpzkmoikgsrjmedwdczuuk/Build/Intermediates.noindex/Pods.build/Debug-iphoneos/Pods-share_pods-Demo.build/DerivedSources -F/Users/lizhankun/Library/Developer/Xcode/DerivedData/Demo-ccktgstpzkmoikgsrjmedwdczuuk/Build/Products/Debug-iphoneos

CompileC /Users/lizhankun/Library/Developer/Xcode/DerivedData/Demo-ccktgstpzkmoikgsrjmedwdczuuk/Build/Intermediates.noindex/Pods.build/Debug-iphoneos/Pods-share_pods-Demo.build/Objects-normal/arm64/Pods-share_pods-Demo-dummy.o /Users/lizhankun/Documents/GitHub/iOS/Architectural\ Patterns/MVCDemo/Pods/Target\ Support\ Files/Pods-share_pods-Demo/Pods-share_pods-Demo-dummy.m normal arm64 objective-c com.apple.compilers.llvm.clang.1_0.compiler (in target 'Pods-share_pods-Demo' from project 'Pods')
    cd /Users/lizhankun/Documents/GitHub/iOS/Architectural\ Patterns/MVCDemo/Pods
    /Applications/Xcode.app/Contents/Developer/Toolchains/XcodeDefault.xctoolchain/usr/bin/clang -x objective-c -ivfsstatcache /Users/lizhankun/Library/Developer/Xcode/DerivedData/SDKStatCaches.noindex/iphoneos17.5-21F77-f6b513226ab75d8b6e514a3d72c62b80.sdkstatcache -fmessage-length\=0 -fdiagnostics-show-note-include-stack -fmacro-backtrace-limit\=0 -fno-color-diagnostics -fmodules-prune-interval\=86400 -fmodules-prune-after\=345600 -fbuild-session-file\=/Users/lizhankun/Library/Developer/Xcode/DerivedData/ModuleCache.noindex/Session.modulevalidation -fmodules-validate-once-per-build-session -Wnon-modular-include-in-framework-module -Werror\=non-modular-include-in-framework-module -Wno-trigraphs -Wno-missing-field-initializers -Wno-missing-prototypes -Werror\=return-type -Wdocumentation -Wunreachable-code -Wno-implicit-atomic-properties -Werror\=deprecated-objc-isa-usage -Wno-objc-interface-ivars -Werror\=objc-root-class -Wno-arc-repeated-use-of-weak -Wimplicit-retain-self -Wduplicate-method-match -Wno-missing-braces -Wparentheses -Wswitch -Wunused-function -Wno-unused-label -Wno-unused-parameter -Wunused-variable -Wunused-value -Wempty-body -Wuninitialized -Wconditional-uninitialized -Wno-unknown-pragmas -Wno-shadow -Wno-four-char-constants -Wno-conversion -Wconstant-conversion -Wint-conversion -Wbool-conversion -Wenum-conversion -Wno-float-conversion -Wnon-literal-null-conversion -Wobjc-literal-conversion -Wshorten-64-to-32 -Wpointer-sign -Wno-newline-eof -Wno-selector -Wno-strict-selector-match -Wundeclared-selector -Wdeprecated-implementations -Wno-implicit-fallthrough -fstrict-aliasing -Wprotocol -Wdeprecated-declarations -Wno-sign-conversion -Winfinite-recursion -Wcomma -Wblock-capture-autoreleasing -Wstrict-prototypes -Wno-semicolon-before-method-body -Wunguarded-availability @/Users/lizhankun/Library/Developer/Xcode/DerivedData/Demo-ccktgstpzkmoikgsrjmedwdczuuk/Build/Intermediates.noindex/Pods.build/Debug-iphoneos/Pods-share_pods-Demo.build/Objects-normal/arm64/e6072d4f65d7061329687fe24e3d63a7-common-args.resp -MMD -MT dependencies -MF /Users/lizhankun/Library/Developer/Xcode/DerivedData/Demo-ccktgstpzkmoikgsrjmedwdczuuk/Build/Intermediates.noindex/Pods.build/Debug-iphoneos/Pods-share_pods-Demo.build/Objects-normal/arm64/Pods-share_pods-Demo-dummy.d --serialize-diagnostics /Users/lizhankun/Library/Developer/Xcode/DerivedData/Demo-ccktgstpzkmoikgsrjmedwdczuuk/Build/Intermediates.noindex/Pods.build/Debug-iphoneos/Pods-share_pods-Demo.build/Objects-normal/arm64/Pods-share_pods-Demo-dummy.dia -c /Users/lizhankun/Documents/GitHub/iOS/Architectural\ Patterns/MVCDemo/Pods/Target\ Support\ Files/Pods-share_pods-Demo/Pods-share_pods-Demo-dummy.m -o /Users/lizhankun/Library/Developer/Xcode/DerivedData/Demo-ccktgstpzkmoikgsrjmedwdczuuk/Build/Intermediates.noindex/Pods.build/Debug-iphoneos/Pods-share_pods-Demo.build/Objects-normal/arm64/Pods-share_pods-Demo-dummy.o

Libtool /Users/lizhankun/Library/Developer/Xcode/DerivedData/Demo-ccktgstpzkmoikgsrjmedwdczuuk/Build/Products/Debug-iphoneos/libPods-share_pods-Demo.a normal (in target 'Pods-share_pods-Demo' from project 'Pods')
    cd /Users/lizhankun/Documents/GitHub/iOS/Architectural\ Patterns/MVCDemo/Pods
    /Applications/Xcode.app/Contents/Developer/Toolchains/XcodeDefault.xctoolchain/usr/bin/libtool -static -arch_only arm64 -D -syslibroot /Applications/Xcode.app/Contents/Developer/Platforms/iPhoneOS.platform/Developer/SDKs/iPhoneOS17.5.sdk -L/Users/lizhankun/Library/Developer/Xcode/DerivedData/Demo-ccktgstpzkmoikgsrjmedwdczuuk/Build/Products/Debug-iphoneos -filelist /Users/lizhankun/Library/Developer/Xcode/DerivedData/Demo-ccktgstpzkmoikgsrjmedwdczuuk/Build/Intermediates.noindex/Pods.build/Debug-iphoneos/Pods-share_pods-Demo.build/Objects-normal/arm64/Pods-share_pods-Demo.LinkFileList -dependency_info /Users/lizhankun/Library/Developer/Xcode/DerivedData/Demo-ccktgstpzkmoikgsrjmedwdczuuk/Build/Intermediates.noindex/Pods.build/Debug-iphoneos/Pods-share_pods-Demo.build/Objects-normal/arm64/Pods-share_pods-Demo_libtool_dependency_info.dat -o /Users/lizhankun/Library/Developer/Xcode/DerivedData/Demo-ccktgstpzkmoikgsrjmedwdczuuk/Build/Products/Debug-iphoneos/libPods-share_pods-Demo.a

WriteAuxiliaryFile /Users/lizhankun/Library/Developer/Xcode/DerivedData/Demo-ccktgstpzkmoikgsrjmedwdczuuk/Build/Intermediates.noindex/Demo.build/Debug-iphoneos/Demo.build/Script-3DA9FC06CD921A526B3CBBD5.sh (in target 'Demo' from project 'Demo')
    cd /Users/lizhankun/Documents/GitHub/iOS/Architectural\ Patterns/MVCDemo
    write-file /Users/lizhankun/Library/Developer/Xcode/DerivedData/Demo-ccktgstpzkmoikgsrjmedwdczuuk/Build/Intermediates.noindex/Demo.build/Debug-iphoneos/Demo.build/Script-3DA9FC06CD921A526B3CBBD5.sh

PhaseScriptExecution [CP]\ Check\ Pods\ Manifest.lock /Users/lizhankun/Library/Developer/Xcode/DerivedData/Demo-ccktgstpzkmoikgsrjmedwdczuuk/Build/Intermediates.noindex/Demo.build/Debug-iphoneos/Demo.build/Script-3DA9FC06CD921A526B3CBBD5.sh (in target 'Demo' from project 'Demo')
    cd /Users/lizhankun/Documents/GitHub/iOS/Architectural\ Patterns/MVCDemo
    /bin/sh -c /Users/lizhankun/Library/Developer/Xcode/DerivedData/Demo-ccktgstpzkmoikgsrjmedwdczuuk/Build/Intermediates.noindex/Demo.build/Debug-iphoneos/Demo.build/Script-3DA9FC06CD921A526B3CBBD5.sh

GenerateAssetSymbols /Users/lizhankun/Documents/GitHub/iOS/Architectural\ Patterns/MVCDemo/Demo/Assets.xcassets (in target 'Demo' from project 'Demo')
    cd /Users/lizhankun/Documents/GitHub/iOS/Architectural\ Patterns/MVCDemo
    /Applications/Xcode.app/Contents/Developer/usr/bin/actool --output-format human-readable-text --notices --warnings --export-dependency-info /Users/lizhankun/Library/Developer/Xcode/DerivedData/Demo-ccktgstpzkmoikgsrjmedwdczuuk/Build/Intermediates.noindex/Demo.build/Debug-iphoneos/Demo.build/assetcatalog_dependencies --output-partial-info-plist /Users/lizhankun/Library/Developer/Xcode/DerivedData/Demo-ccktgstpzkmoikgsrjmedwdczuuk/Build/Intermediates.noindex/Demo.build/Debug-iphoneos/Demo.build/assetcatalog_generated_info.plist --app-icon AppIcon --compress-pngs --enable-on-demand-resources YES --development-region en --target-device iphone --target-device ipad --minimum-deployment-target 17.0 --platform iphoneos --compile /Users/lizhankun/Library/Developer/Xcode/DerivedData/Demo-ccktgstpzkmoikgsrjmedwdczuuk/Build/Products/Debug-iphoneos/Demo.app /Users/lizhankun/Documents/GitHub/iOS/Architectural\ Patterns/MVCDemo/Demo/Assets.xcassets --bundle-identifier kkk.MVCTodoList --generate-objc-asset-symbols /Users/lizhankun/Library/Developer/Xcode/DerivedData/Demo-ccktgstpzkmoikgsrjmedwdczuuk/Build/Intermediates.noindex/Demo.build/Debug-iphoneos/Demo.build/DerivedSources/GeneratedAssetSymbols.h --generate-asset-symbol-index /Users/lizhankun/Library/Developer/Xcode/DerivedData/Demo-ccktgstpzkmoikgsrjmedwdczuuk/Build/Intermediates.noindex/Demo.build/Debug-iphoneos/Demo.build/DerivedSources/GeneratedAssetSymbols-Index.plist
/* com.apple.actool.compilation-results */
/Users/lizhankun/Library/Developer/Xcode/DerivedData/Demo-ccktgstpzkmoikgsrjmedwdczuuk/Build/Intermediates.noindex/Demo.build/Debug-iphoneos/Demo.build/DerivedSources/GeneratedAssetSymbols-Index.plist
/Users/lizhankun/Library/Developer/Xcode/DerivedData/Demo-ccktgstpzkmoikgsrjmedwdczuuk/Build/Intermediates.noindex/Demo.build/Debug-iphoneos/Demo.build/DerivedSources/GeneratedAssetSymbols.h


CompileAssetCatalog /Users/lizhankun/Library/Developer/Xcode/DerivedData/Demo-ccktgstpzkmoikgsrjmedwdczuuk/Build/Products/Debug-iphoneos/Demo.app /Users/lizhankun/Documents/GitHub/iOS/Architectural\ Patterns/MVCDemo/Demo/Assets.xcassets (in target 'Demo' from project 'Demo')
    cd /Users/lizhankun/Documents/GitHub/iOS/Architectural\ Patterns/MVCDemo
    /Applications/Xcode.app/Contents/Developer/usr/bin/actool --output-format human-readable-text --notices --warnings --export-dependency-info /Users/lizhankun/Library/Developer/Xcode/DerivedData/Demo-ccktgstpzkmoikgsrjmedwdczuuk/Build/Intermediates.noindex/Demo.build/Debug-iphoneos/Demo.build/assetcatalog_dependencies --output-partial-info-plist /Users/lizhankun/Library/Developer/Xcode/DerivedData/Demo-ccktgstpzkmoikgsrjmedwdczuuk/Build/Intermediates.noindex/Demo.build/Debug-iphoneos/Demo.build/assetcatalog_generated_info.plist --app-icon AppIcon --compress-pngs --enable-on-demand-resources YES --development-region en --target-device iphone --target-device ipad --minimum-deployment-target 17.0 --platform iphoneos --compile /Users/lizhankun/Library/Developer/Xcode/DerivedData/Demo-ccktgstpzkmoikgsrjmedwdczuuk/Build/Products/Debug-iphoneos/Demo.app /Users/lizhankun/Documents/GitHub/iOS/Architectural\ Patterns/MVCDemo/Demo/Assets.xcassets
/* com.apple.actool.compilation-results */
/Users/lizhankun/Library/Developer/Xcode/DerivedData/Demo-ccktgstpzkmoikgsrjmedwdczuuk/Build/Intermediates.noindex/Demo.build/Debug-iphoneos/Demo.build/assetcatalog_generated_info.plist


CompileStoryboard /Users/lizhankun/Documents/GitHub/iOS/Architectural\ Patterns/MVCDemo/Demo/LaunchScreen.storyboard (in target 'Demo' from project 'Demo')
    cd /Users/lizhankun/Documents/GitHub/iOS/Architectural\ Patterns/MVCDemo
    /Applications/Xcode.app/Contents/Developer/usr/bin/ibtool --errors --warnings --notices --module Demo --output-partial-info-plist /Users/lizhankun/Library/Developer/Xcode/DerivedData/Demo-ccktgstpzkmoikgsrjmedwdczuuk/Build/Intermediates.noindex/Demo.build/Debug-iphoneos/Demo.build/LaunchScreen-SBPartialInfo.plist --auto-activate-custom-fonts --target-device iphone --target-device ipad --minimum-deployment-target 17.0 --output-format human-readable-text --compilation-directory /Users/lizhankun/Library/Developer/Xcode/DerivedData/Demo-ccktgstpzkmoikgsrjmedwdczuuk/Build/Intermediates.noindex/Demo.build/Debug-iphoneos/Demo.build /Users/lizhankun/Documents/GitHub/iOS/Architectural\ Patterns/MVCDemo/Demo/LaunchScreen.storyboard

WriteAuxiliaryFile /Users/lizhankun/Library/Developer/Xcode/DerivedData/Demo-ccktgstpzkmoikgsrjmedwdczuuk/Build/Intermediates.noindex/Demo.build/Debug-iphoneos/Demo.build/Objects-normal/arm64/Demo.LinkFileList (in target 'Demo' from project 'Demo')
    cd /Users/lizhankun/Documents/GitHub/iOS/Architectural\ Patterns/MVCDemo
    write-file /Users/lizhankun/Library/Developer/Xcode/DerivedData/Demo-ccktgstpzkmoikgsrjmedwdczuuk/Build/Intermediates.noindex/Demo.build/Debug-iphoneos/Demo.build/Objects-normal/arm64/Demo.LinkFileList

WriteAuxiliaryFile /Users/lizhankun/Library/Developer/Xcode/DerivedData/Demo-ccktgstpzkmoikgsrjmedwdczuuk/Build/Intermediates.noindex/Demo.build/Debug-iphoneos/Demo.build/Objects-normal/arm64/e6072d4f65d7061329687fe24e3d63a7-common-args.resp (in target 'Demo' from project 'Demo')
    cd /Users/lizhankun/Documents/GitHub/iOS/Architectural\ Patterns/MVCDemo
    write-file /Users/lizhankun/Library/Developer/Xcode/DerivedData/Demo-ccktgstpzkmoikgsrjmedwdczuuk/Build/Intermediates.noindex/Demo.build/Debug-iphoneos/Demo.build/Objects-normal/arm64/e6072d4f65d7061329687fe24e3d63a7-common-args.resp
-target arm64-apple-ios17.0 '-std=gnu11' -fobjc-arc -fobjc-weak -fmodules -gmodules '-fmodules-cache-path=/Users/lizhankun/Library/Developer/Xcode/DerivedData/ModuleCache.noindex' -fpascal-strings -O0 -fno-common '-DDEBUG=1' '-DCOCOAPODS=1' '-DOBJC_OLD_DISPATCH_PROTOTYPES=0' -isysroot /Applications/Xcode.app/Contents/Developer/Platforms/iPhoneOS.platform/Developer/SDKs/iPhoneOS17.5.sdk -g -iquote /Users/lizhankun/Library/Developer/Xcode/DerivedData/Demo-ccktgstpzkmoikgsrjmedwdczuuk/Build/Intermediates.noindex/Demo.build/Debug-iphoneos/Demo.build/Demo-generated-files.hmap -I/Users/lizhankun/Library/Developer/Xcode/DerivedData/Demo-ccktgstpzkmoikgsrjmedwdczuuk/Build/Intermediates.noindex/Demo.build/Debug-iphoneos/Demo.build/Demo-own-target-headers.hmap -I/Users/lizhankun/Library/Developer/Xcode/DerivedData/Demo-ccktgstpzkmoikgsrjmedwdczuuk/Build/Intermediates.noindex/Demo.build/Debug-iphoneos/Demo.build/Demo-all-target-headers.hmap -iquote /Users/lizhankun/Library/Developer/Xcode/DerivedData/Demo-ccktgstpzkmoikgsrjmedwdczuuk/Build/Intermediates.noindex/Demo.build/Debug-iphoneos/Demo.build/Demo-project-headers.hmap -I/Users/lizhankun/Library/Developer/Xcode/DerivedData/Demo-ccktgstpzkmoikgsrjmedwdczuuk/Build/Products/Debug-iphoneos/include -I/Users/lizhankun/Library/Developer/Xcode/DerivedData/Demo-ccktgstpzkmoikgsrjmedwdczuuk/Build/Intermediates.noindex/Demo.build/Debug-iphoneos/Demo.build/DerivedSources-normal/arm64 -I/Users/lizhankun/Library/Developer/Xcode/DerivedData/Demo-ccktgstpzkmoikgsrjmedwdczuuk/Build/Intermediates.noindex/Demo.build/Debug-iphoneos/Demo.build/DerivedSources/arm64 -I/Users/lizhankun/Library/Developer/Xcode/DerivedData/Demo-ccktgstpzkmoikgsrjmedwdczuuk/Build/Intermediates.noindex/Demo.build/Debug-iphoneos/Demo.build/DerivedSources -F/Users/lizhankun/Library/Developer/Xcode/DerivedData/Demo-ccktgstpzkmoikgsrjmedwdczuuk/Build/Products/Debug-iphoneos

CompileC /Users/lizhankun/Library/Developer/Xcode/DerivedData/Demo-ccktgstpzkmoikgsrjmedwdczuuk/Build/Intermediates.noindex/Demo.build/Debug-iphoneos/Demo.build/Objects-normal/arm64/TodoItemDetailViewController.o /Users/lizhankun/Documents/GitHub/iOS/Architectural\ Patterns/MVCDemo/Demo/Controllers/TodoItemDetailViewController.m normal arm64 objective-c com.apple.compilers.llvm.clang.1_0.compiler (in target 'Demo' from project 'Demo')
    cd /Users/lizhankun/Documents/GitHub/iOS/Architectural\ Patterns/MVCDemo
    /Applications/Xcode.app/Contents/Developer/Toolchains/XcodeDefault.xctoolchain/usr/bin/clang -x objective-c -ivfsstatcache /Users/lizhankun/Library/Developer/Xcode/DerivedData/SDKStatCaches.noindex/iphoneos17.5-21F77-f6b513226ab75d8b6e514a3d72c62b80.sdkstatcache -fmessage-length\=0 -fdiagnostics-show-note-include-stack -fmacro-backtrace-limit\=0 -fno-color-diagnostics -fmodules-prune-interval\=86400 -fmodules-prune-after\=345600 -fbuild-session-file\=/Users/lizhankun/Library/Developer/Xcode/DerivedData/ModuleCache.noindex/Session.modulevalidation -fmodules-validate-once-per-build-session -Wnon-modular-include-in-framework-module -Werror\=non-modular-include-in-framework-module -Wno-trigraphs -Wno-missing-field-initializers -Wno-missing-prototypes -Werror\=return-type -Wdocumentation -Wunreachable-code -Wno-implicit-atomic-properties -Werror\=deprecated-objc-isa-usage -Wno-objc-interface-ivars -Werror\=objc-root-class -Wno-arc-repeated-use-of-weak -Wimplicit-retain-self -Wduplicate-method-match -Wno-missing-braces -Wparentheses -Wswitch -Wunused-function -Wno-unused-label -Wno-unused-parameter -Wunused-variable -Wunused-value -Wempty-body -Wuninitialized -Wconditional-uninitialized -Wno-unknown-pragmas -Wno-shadow -Wno-four-char-constants -Wno-conversion -Wconstant-conversion -Wint-conversion -Wbool-conversion -Wenum-conversion -Wno-float-conversion -Wnon-literal-null-conversion -Wobjc-literal-conversion -Wshorten-64-to-32 -Wpointer-sign -Wno-newline-eof -Wno-selector -Wno-strict-selector-match -Wundeclared-selector -Wdeprecated-implementations -Wno-implicit-fallthrough -fstrict-aliasing -Wprotocol -Wdeprecated-declarations -Wno-sign-conversion -Winfinite-recursion -Wcomma -Wblock-capture-autoreleasing -Wstrict-prototypes -Wno-semicolon-before-method-body -Wunguarded-availability -index-store-path /Users/lizhankun/Library/Developer/Xcode/DerivedData/Demo-ccktgstpzkmoikgsrjmedwdczuuk/Index.noindex/DataStore @/Users/lizhankun/Library/Developer/Xcode/DerivedData/Demo-ccktgstpzkmoikgsrjmedwdczuuk/Build/Intermediates.noindex/Demo.build/Debug-iphoneos/Demo.build/Objects-normal/arm64/e6072d4f65d7061329687fe24e3d63a7-common-args.resp -MMD -MT dependencies -MF /Users/lizhankun/Library/Developer/Xcode/DerivedData/Demo-ccktgstpzkmoikgsrjmedwdczuuk/Build/Intermediates.noindex/Demo.build/Debug-iphoneos/Demo.build/Objects-normal/arm64/TodoItemDetailViewController.d --serialize-diagnostics /Users/lizhankun/Library/Developer/Xcode/DerivedData/Demo-ccktgstpzkmoikgsrjmedwdczuuk/Build/Intermediates.noindex/Demo.build/Debug-iphoneos/Demo.build/Objects-normal/arm64/TodoItemDetailViewController.dia -c /Users/lizhankun/Documents/GitHub/iOS/Architectural\ Patterns/MVCDemo/Demo/Controllers/TodoItemDetailViewController.m -o /Users/lizhankun/Library/Developer/Xcode/DerivedData/Demo-ccktgstpzkmoikgsrjmedwdczuuk/Build/Intermediates.noindex/Demo.build/Debug-iphoneos/Demo.build/Objects-normal/arm64/TodoItemDetailViewController.o -index-unit-output-path /Demo.build/Debug-iphoneos/Demo.build/Objects-normal/arm64/TodoItemDetailViewController.o
/Users/lizhankun/Documents/GitHub/iOS/Architectural Patterns/MVCDemo/Demo/Controllers/TodoItemDetailViewController.m:74:20: warning: 'UIAlertView' is deprecated: first deprecated in iOS 9.0 - UIAlertView is deprecated. Use UIAlertController with a preferredStyle of UIAlertControllerStyleAlert instead [-Wdeprecated-declarations]
- (void)alertView:(UIAlertView *)alertView clickedButtonAtIndex:(NSInteger)buttonIndex
                   ^
In module 'UIKit' imported from /Users/lizhankun/Documents/GitHub/iOS/Architectural Patterns/MVCDemo/Demo/Controllers/TodoItemDetailViewController.h:11:
/Applications/Xcode.app/Contents/Developer/Platforms/iPhoneOS.platform/Developer/SDKs/iPhoneOS17.5.sdk/System/Library/Frameworks/UIKit.framework/Headers/UIAlertView.h:27:12: note: 'UIAlertView' has been explicitly marked deprecated here
@interface UIAlertView : UIView
           ^
/Users/lizhankun/Documents/GitHub/iOS/Architectural Patterns/MVCDemo/Demo/Controllers/TodoItemDetailViewController.m:64:9: warning: 'UIAlertView' is deprecated: first deprecated in iOS 9.0 - UIAlertView is deprecated. Use UIAlertController with a preferredStyle of UIAlertControllerStyleAlert instead [-Wdeprecated-declarations]
        UIAlertView *alertView = [[UIAlertView alloc] initWithTitle:@"Invalid todo!" message:@"Check your todo - it's invalid!" delegate:self cancelButtonTitle:nil otherButtonTitles:@"Done", nil];
        ^
In module 'UIKit' imported from /Users/lizhankun/Documents/GitHub/iOS/Architectural Patterns/MVCDemo/Demo/Controllers/TodoItemDetailViewController.h:11:
/Applications/Xcode.app/Contents/Developer/Platforms/iPhoneOS.platform/Developer/SDKs/iPhoneOS17.5.sdk/System/Library/Frameworks/UIKit.framework/Headers/UIAlertView.h:27:12: note: 'UIAlertView' has been explicitly marked deprecated here
@interface UIAlertView : UIView
           ^
/Users/lizhankun/Documents/GitHub/iOS/Architectural Patterns/MVCDemo/Demo/Controllers/TodoItemDetailViewController.m:64:48: warning: 'UIAlertView' is deprecated: first deprecated in iOS 9.0 - UIAlertView is deprecated. Use UIAlertController with a preferredStyle of UIAlertControllerStyleAlert instead [-Wdeprecated-declarations]
        UIAlertView *alertView = [[UIAlertView alloc] initWithTitle:@"Invalid todo!" message:@"Check your todo - it's invalid!" delegate:self cancelButtonTitle:nil otherButtonTitles:@"Done", nil];
                                               ^
In module 'UIKit' imported from /Users/lizhankun/Documents/GitHub/iOS/Architectural Patterns/MVCDemo/Demo/Controllers/TodoItemDetailViewController.h:11:
/Applications/Xcode.app/Contents/Developer/Platforms/iPhoneOS.platform/Developer/SDKs/iPhoneOS17.5.sdk/System/Library/Frameworks/UIKit.framework/Headers/UIAlertView.h:27:12: note: 'UIAlertView' has been explicitly marked deprecated here
@interface UIAlertView : UIView
           ^
3 warnings generated.

CompileC /Users/lizhankun/Library/Developer/Xcode/DerivedData/Demo-ccktgstpzkmoikgsrjmedwdczuuk/Build/Intermediates.noindex/Demo.build/Debug-iphoneos/Demo.build/Objects-normal/arm64/TodoItem.o /Users/lizhankun/Documents/GitHub/iOS/Architectural\ Patterns/MVCDemo/Demo/Models/TodoItem.m normal arm64 objective-c com.apple.compilers.llvm.clang.1_0.compiler (in target 'Demo' from project 'Demo')
    cd /Users/lizhankun/Documents/GitHub/iOS/Architectural\ Patterns/MVCDemo
    /Applications/Xcode.app/Contents/Developer/Toolchains/XcodeDefault.xctoolchain/usr/bin/clang -x objective-c -ivfsstatcache /Users/lizhankun/Library/Developer/Xcode/DerivedData/SDKStatCaches.noindex/iphoneos17.5-21F77-f6b513226ab75d8b6e514a3d72c62b80.sdkstatcache -fmessage-length\=0 -fdiagnostics-show-note-include-stack -fmacro-backtrace-limit\=0 -fno-color-diagnostics -fmodules-prune-interval\=86400 -fmodules-prune-after\=345600 -fbuild-session-file\=/Users/lizhankun/Library/Developer/Xcode/DerivedData/ModuleCache.noindex/Session.modulevalidation -fmodules-validate-once-per-build-session -Wnon-modular-include-in-framework-module -Werror\=non-modular-include-in-framework-module -Wno-trigraphs -Wno-missing-field-initializers -Wno-missing-prototypes -Werror\=return-type -Wdocumentation -Wunreachable-code -Wno-implicit-atomic-properties -Werror\=deprecated-objc-isa-usage -Wno-objc-interface-ivars -Werror\=objc-root-class -Wno-arc-repeated-use-of-weak -Wimplicit-retain-self -Wduplicate-method-match -Wno-missing-braces -Wparentheses -Wswitch -Wunused-function -Wno-unused-label -Wno-unused-parameter -Wunused-variable -Wunused-value -Wempty-body -Wuninitialized -Wconditional-uninitialized -Wno-unknown-pragmas -Wno-shadow -Wno-four-char-constants -Wno-conversion -Wconstant-conversion -Wint-conversion -Wbool-conversion -Wenum-conversion -Wno-float-conversion -Wnon-literal-null-conversion -Wobjc-literal-conversion -Wshorten-64-to-32 -Wpointer-sign -Wno-newline-eof -Wno-selector -Wno-strict-selector-match -Wundeclared-selector -Wdeprecated-implementations -Wno-implicit-fallthrough -fstrict-aliasing -Wprotocol -Wdeprecated-declarations -Wno-sign-conversion -Winfinite-recursion -Wcomma -Wblock-capture-autoreleasing -Wstrict-prototypes -Wno-semicolon-before-method-body -Wunguarded-availability -index-store-path /Users/lizhankun/Library/Developer/Xcode/DerivedData/Demo-ccktgstpzkmoikgsrjmedwdczuuk/Index.noindex/DataStore @/Users/lizhankun/Library/Developer/Xcode/DerivedData/Demo-ccktgstpzkmoikgsrjmedwdczuuk/Build/Intermediates.noindex/Demo.build/Debug-iphoneos/Demo.build/Objects-normal/arm64/e6072d4f65d7061329687fe24e3d63a7-common-args.resp -MMD -MT dependencies -MF /Users/lizhankun/Library/Developer/Xcode/DerivedData/Demo-ccktgstpzkmoikgsrjmedwdczuuk/Build/Intermediates.noindex/Demo.build/Debug-iphoneos/Demo.build/Objects-normal/arm64/TodoItem.d --serialize-diagnostics /Users/lizhankun/Library/Developer/Xcode/DerivedData/Demo-ccktgstpzkmoikgsrjmedwdczuuk/Build/Intermediates.noindex/Demo.build/Debug-iphoneos/Demo.build/Objects-normal/arm64/TodoItem.dia -c /Users/lizhankun/Documents/GitHub/iOS/Architectural\ Patterns/MVCDemo/Demo/Models/TodoItem.m -o /Users/lizhankun/Library/Developer/Xcode/DerivedData/Demo-ccktgstpzkmoikgsrjmedwdczuuk/Build/Intermediates.noindex/Demo.build/Debug-iphoneos/Demo.build/Objects-normal/arm64/TodoItem.o -index-unit-output-path /Demo.build/Debug-iphoneos/Demo.build/Objects-normal/arm64/TodoItem.o

CompileC /Users/lizhankun/Library/Developer/Xcode/DerivedData/Demo-ccktgstpzkmoikgsrjmedwdczuuk/Build/Intermediates.noindex/Demo.build/Debug-iphoneos/Demo.build/Objects-normal/arm64/MainpageViewController.o /Users/lizhankun/Documents/GitHub/iOS/Architectural\ Patterns/MVCDemo/Demo/Controllers/MainpageViewController.m normal arm64 objective-c com.apple.compilers.llvm.clang.1_0.compiler (in target 'Demo' from project 'Demo')
    cd /Users/lizhankun/Documents/GitHub/iOS/Architectural\ Patterns/MVCDemo
    /Applications/Xcode.app/Contents/Developer/Toolchains/XcodeDefault.xctoolchain/usr/bin/clang -x objective-c -ivfsstatcache /Users/lizhankun/Library/Developer/Xcode/DerivedData/SDKStatCaches.noindex/iphoneos17.5-21F77-f6b513226ab75d8b6e514a3d72c62b80.sdkstatcache -fmessage-length\=0 -fdiagnostics-show-note-include-stack -fmacro-backtrace-limit\=0 -fno-color-diagnostics -fmodules-prune-interval\=86400 -fmodules-prune-after\=345600 -fbuild-session-file\=/Users/lizhankun/Library/Developer/Xcode/DerivedData/ModuleCache.noindex/Session.modulevalidation -fmodules-validate-once-per-build-session -Wnon-modular-include-in-framework-module -Werror\=non-modular-include-in-framework-module -Wno-trigraphs -Wno-missing-field-initializers -Wno-missing-prototypes -Werror\=return-type -Wdocumentation -Wunreachable-code -Wno-implicit-atomic-properties -Werror\=deprecated-objc-isa-usage -Wno-objc-interface-ivars -Werror\=objc-root-class -Wno-arc-repeated-use-of-weak -Wimplicit-retain-self -Wduplicate-method-match -Wno-missing-braces -Wparentheses -Wswitch -Wunused-function -Wno-unused-label -Wno-unused-parameter -Wunused-variable -Wunused-value -Wempty-body -Wuninitialized -Wconditional-uninitialized -Wno-unknown-pragmas -Wno-shadow -Wno-four-char-constants -Wno-conversion -Wconstant-conversion -Wint-conversion -Wbool-conversion -Wenum-conversion -Wno-float-conversion -Wnon-literal-null-conversion -Wobjc-literal-conversion -Wshorten-64-to-32 -Wpointer-sign -Wno-newline-eof -Wno-selector -Wno-strict-selector-match -Wundeclared-selector -Wdeprecated-implementations -Wno-implicit-fallthrough -fstrict-aliasing -Wprotocol -Wdeprecated-declarations -Wno-sign-conversion -Winfinite-recursion -Wcomma -Wblock-capture-autoreleasing -Wstrict-prototypes -Wno-semicolon-before-method-body -Wunguarded-availability -index-store-path /Users/lizhankun/Library/Developer/Xcode/DerivedData/Demo-ccktgstpzkmoikgsrjmedwdczuuk/Index.noindex/DataStore @/Users/lizhankun/Library/Developer/Xcode/DerivedData/Demo-ccktgstpzkmoikgsrjmedwdczuuk/Build/Intermediates.noindex/Demo.build/Debug-iphoneos/Demo.build/Objects-normal/arm64/e6072d4f65d7061329687fe24e3d63a7-common-args.resp -MMD -MT dependencies -MF /Users/lizhankun/Library/Developer/Xcode/DerivedData/Demo-ccktgstpzkmoikgsrjmedwdczuuk/Build/Intermediates.noindex/Demo.build/Debug-iphoneos/Demo.build/Objects-normal/arm64/MainpageViewController.d --serialize-diagnostics /Users/lizhankun/Library/Developer/Xcode/DerivedData/Demo-ccktgstpzkmoikgsrjmedwdczuuk/Build/Intermediates.noindex/Demo.build/Debug-iphoneos/Demo.build/Objects-normal/arm64/MainpageViewController.dia -c /Users/lizhankun/Documents/GitHub/iOS/Architectural\ Patterns/MVCDemo/Demo/Controllers/MainpageViewController.m -o /Users/lizhankun/Library/Developer/Xcode/DerivedData/Demo-ccktgstpzkmoikgsrjmedwdczuuk/Build/Intermediates.noindex/Demo.build/Debug-iphoneos/Demo.build/Objects-normal/arm64/MainpageViewController.o -index-unit-output-path /Demo.build/Debug-iphoneos/Demo.build/Objects-normal/arm64/MainpageViewController.o
/Users/lizhankun/Documents/GitHub/iOS/Architectural Patterns/MVCDemo/Demo/Controllers/MainpageViewController.m:111:20: warning: 'UIAlertView' is deprecated: first deprecated in iOS 9.0 - UIAlertView is deprecated. Use UIAlertController with a preferredStyle of UIAlertControllerStyleAlert instead [-Wdeprecated-declarations]
- (void)alertView:(UIAlertView *)alertView clickedButtonAtIndex:(NSInteger)buttonIndex
                   ^
In module 'UIKit' imported from /Users/lizhankun/Documents/GitHub/iOS/Architectural Patterns/MVCDemo/Demo/Controllers/TodoItemDetailViewController.h:11:
/Applications/Xcode.app/Contents/Developer/Platforms/iPhoneOS.platform/Developer/SDKs/iPhoneOS17.5.sdk/System/Library/Frameworks/UIKit.framework/Headers/UIAlertView.h:27:12: note: 'UIAlertView' has been explicitly marked deprecated here
@interface UIAlertView : UIView
           ^
/Users/lizhankun/Documents/GitHub/iOS/Architectural Patterns/MVCDemo/Demo/Controllers/MainpageViewController.m:64:41: warning: 'archivedDataWithRootObject:' is deprecated: first deprecated in iOS 12.0 - Use +archivedDataWithRootObject:requiringSecureCoding:error: instead [-Wdeprecated-declarations]
    NSData *todoData = [NSKeyedArchiver archivedDataWithRootObject:self.todolistArray];
                                        ^
In module 'Foundation' imported from /Users/lizhankun/Documents/GitHub/iOS/Architectural Patterns/MVCDemo/Demo/Models/TodoItem.h:9:
/Applications/Xcode.app/Contents/Developer/Platforms/iPhoneOS.platform/Developer/SDKs/iPhoneOS17.5.sdk/System/Library/Frameworks/Foundation.framework/Headers/NSKeyedArchiver.h:47:1: note: 'archivedDataWithRootObject:' has been explicitly marked deprecated here
+ (NSData *)archivedDataWithRootObject:(id)rootObject API_DEPRECATED("Use +archivedDataWithRootObject:requiringSecureCoding:error: instead", macosx(10.2,10.14), ios(2.0,12.0), watchos(2.0,5.0), tvos(9.0,12.0));
^
/Users/lizhankun/Documents/GitHub/iOS/Architectural Patterns/MVCDemo/Demo/Controllers/MainpageViewController.m:85:22: warning: 'archiveRootObject:toFile:' is deprecated: first deprecated in iOS 12.0 - Use +archivedDataWithRootObject:requiringSecureCoding:error: and -writeToURL:options:error: instead [-Wdeprecated-declarations]
    [NSKeyedArchiver archiveRootObject:self.todolistArray toFile:self.resourcePath];
                     ^
In module 'Foundation' imported from /Users/lizhankun/Documents/GitHub/iOS/Architectural Patterns/MVCDemo/Demo/Models/TodoItem.h:9:
/Applications/Xcode.app/Contents/Developer/Platforms/iPhoneOS.platform/Developer/SDKs/iPhoneOS17.5.sdk/System/Library/Frameworks/Foundation.framework/Headers/NSKeyedArchiver.h:49:1: note: 'archiveRootObject:toFile:' has been explicitly marked deprecated here
+ (BOOL)archiveRootObject:(id)rootObject toFile:(NSString *)path API_DEPRECATED("Use +archivedDataWithRootObject:requiringSecureCoding:error: and -writeToURL:options:error: instead", macosx(10.2,10.14), ios(2.0,12.0), watchos(2.0,5.0), tvos(9.0,12.0));
^
/Users/lizhankun/Documents/GitHub/iOS/Architectural Patterns/MVCDemo/Demo/Controllers/MainpageViewController.m:111:1: warning: implementing deprecated method [-Wdeprecated-implementations]
- (void)alertView:(UIAlertView *)alertView clickedButtonAtIndex:(NSInteger)buttonIndex
^
In module 'UIKit' imported from /Users/lizhankun/Documents/GitHub/iOS/Architectural Patterns/MVCDemo/Demo/Controllers/TodoItemDetailViewController.h:11:
/Applications/Xcode.app/Contents/Developer/Platforms/iPhoneOS.platform/Developer/SDKs/iPhoneOS17.5.sdk/System/Library/Frameworks/UIKit.framework/Headers/UIAlertView.h:71:1: note: method 'alertView:clickedButtonAtIndex:' declared here
- (void)alertView:(UIAlertView *)alertView clickedButtonAtIndex:(NSInteger)buttonIndex API_DEPRECATED("Use UIAlertController instead.", ios(2.0, 9.0)) API_UNAVAILABLE(visionos);
^
/Users/lizhankun/Documents/GitHub/iOS/Architectural Patterns/MVCDemo/Demo/Controllers/MainpageViewController.m:121:22: warning: 'archiveRootObject:toFile:' is deprecated: first deprecated in iOS 12.0 - Use +archivedDataWithRootObject:requiringSecureCoding:error: and -writeToURL:options:error: instead [-Wdeprecated-declarations]
    [NSKeyedArchiver archiveRootObject:self.todolistArray toFile:[self resourcePath]];
                     ^
In module 'Foundation' imported from /Users/lizhankun/Documents/GitHub/iOS/Architectural Patterns/MVCDemo/Demo/Models/TodoItem.h:9:
/Applications/Xcode.app/Contents/Developer/Platforms/iPhoneOS.platform/Developer/SDKs/iPhoneOS17.5.sdk/System/Library/Frameworks/Foundation.framework/Headers/NSKeyedArchiver.h:49:1: note: 'archiveRootObject:toFile:' has been explicitly marked deprecated here
+ (BOOL)archiveRootObject:(id)rootObject toFile:(NSString *)path API_DEPRECATED("Use +archivedDataWithRootObject:requiringSecureCoding:error: and -writeToURL:options:error: instead", macosx(10.2,10.14), ios(2.0,12.0), watchos(2.0,5.0), tvos(9.0,12.0));
^
5 warnings generated.

CompileC /Users/lizhankun/Library/Developer/Xcode/DerivedData/Demo-ccktgstpzkmoikgsrjmedwdczuuk/Build/Intermediates.noindex/Demo.build/Debug-iphoneos/Demo.build/Objects-normal/arm64/AppDelegate.o /Users/lizhankun/Documents/GitHub/iOS/Architectural\ Patterns/MVCDemo/Demo/AppDelegate.m normal arm64 objective-c com.apple.compilers.llvm.clang.1_0.compiler (in target 'Demo' from project 'Demo')
    cd /Users/lizhankun/Documents/GitHub/iOS/Architectural\ Patterns/MVCDemo
    /Applications/Xcode.app/Contents/Developer/Toolchains/XcodeDefault.xctoolchain/usr/bin/clang -x objective-c -ivfsstatcache /Users/lizhankun/Library/Developer/Xcode/DerivedData/SDKStatCaches.noindex/iphoneos17.5-21F77-f6b513226ab75d8b6e514a3d72c62b80.sdkstatcache -fmessage-length\=0 -fdiagnostics-show-note-include-stack -fmacro-backtrace-limit\=0 -fno-color-diagnostics -fmodules-prune-interval\=86400 -fmodules-prune-after\=345600 -fbuild-session-file\=/Users/lizhankun/Library/Developer/Xcode/DerivedData/ModuleCache.noindex/Session.modulevalidation -fmodules-validate-once-per-build-session -Wnon-modular-include-in-framework-module -Werror\=non-modular-include-in-framework-module -Wno-trigraphs -Wno-missing-field-initializers -Wno-missing-prototypes -Werror\=return-type -Wdocumentation -Wunreachable-code -Wno-implicit-atomic-properties -Werror\=deprecated-objc-isa-usage -Wno-objc-interface-ivars -Werror\=objc-root-class -Wno-arc-repeated-use-of-weak -Wimplicit-retain-self -Wduplicate-method-match -Wno-missing-braces -Wparentheses -Wswitch -Wunused-function -Wno-unused-label -Wno-unused-parameter -Wunused-variable -Wunused-value -Wempty-body -Wuninitialized -Wconditional-uninitialized -Wno-unknown-pragmas -Wno-shadow -Wno-four-char-constants -Wno-conversion -Wconstant-conversion -Wint-conversion -Wbool-conversion -Wenum-conversion -Wno-float-conversion -Wnon-literal-null-conversion -Wobjc-literal-conversion -Wshorten-64-to-32 -Wpointer-sign -Wno-newline-eof -Wno-selector -Wno-strict-selector-match -Wundeclared-selector -Wdeprecated-implementations -Wno-implicit-fallthrough -fstrict-aliasing -Wprotocol -Wdeprecated-declarations -Wno-sign-conversion -Winfinite-recursion -Wcomma -Wblock-capture-autoreleasing -Wstrict-prototypes -Wno-semicolon-before-method-body -Wunguarded-availability -index-store-path /Users/lizhankun/Library/Developer/Xcode/DerivedData/Demo-ccktgstpzkmoikgsrjmedwdczuuk/Index.noindex/DataStore @/Users/lizhankun/Library/Developer/Xcode/DerivedData/Demo-ccktgstpzkmoikgsrjmedwdczuuk/Build/Intermediates.noindex/Demo.build/Debug-iphoneos/Demo.build/Objects-normal/arm64/e6072d4f65d7061329687fe24e3d63a7-common-args.resp -MMD -MT dependencies -MF /Users/lizhankun/Library/Developer/Xcode/DerivedData/Demo-ccktgstpzkmoikgsrjmedwdczuuk/Build/Intermediates.noindex/Demo.build/Debug-iphoneos/Demo.build/Objects-normal/arm64/AppDelegate.d --serialize-diagnostics /Users/lizhankun/Library/Developer/Xcode/DerivedData/Demo-ccktgstpzkmoikgsrjmedwdczuuk/Build/Intermediates.noindex/Demo.build/Debug-iphoneos/Demo.build/Objects-normal/arm64/AppDelegate.dia -c /Users/lizhankun/Documents/GitHub/iOS/Architectural\ Patterns/MVCDemo/Demo/AppDelegate.m -o /Users/lizhankun/Library/Developer/Xcode/DerivedData/Demo-ccktgstpzkmoikgsrjmedwdczuuk/Build/Intermediates.noindex/Demo.build/Debug-iphoneos/Demo.build/Objects-normal/arm64/AppDelegate.o -index-unit-output-path /Demo.build/Debug-iphoneos/Demo.build/Objects-normal/arm64/AppDelegate.o

CompileC /Users/lizhankun/Library/Developer/Xcode/DerivedData/Demo-ccktgstpzkmoikgsrjmedwdczuuk/Build/Intermediates.noindex/Demo.build/Debug-iphoneos/Demo.build/Objects-normal/arm64/main.o /Users/lizhankun/Documents/GitHub/iOS/Architectural\ Patterns/MVCDemo/Demo/main.m normal arm64 objective-c com.apple.compilers.llvm.clang.1_0.compiler (in target 'Demo' from project 'Demo')
    cd /Users/lizhankun/Documents/GitHub/iOS/Architectural\ Patterns/MVCDemo
    /Applications/Xcode.app/Contents/Developer/Toolchains/XcodeDefault.xctoolchain/usr/bin/clang -x objective-c -ivfsstatcache /Users/lizhankun/Library/Developer/Xcode/DerivedData/SDKStatCaches.noindex/iphoneos17.5-21F77-f6b513226ab75d8b6e514a3d72c62b80.sdkstatcache -fmessage-length\=0 -fdiagnostics-show-note-include-stack -fmacro-backtrace-limit\=0 -fno-color-diagnostics -fmodules-prune-interval\=86400 -fmodules-prune-after\=345600 -fbuild-session-file\=/Users/lizhankun/Library/Developer/Xcode/DerivedData/ModuleCache.noindex/Session.modulevalidation -fmodules-validate-once-per-build-session -Wnon-modular-include-in-framework-module -Werror\=non-modular-include-in-framework-module -Wno-trigraphs -Wno-missing-field-initializers -Wno-missing-prototypes -Werror\=return-type -Wdocumentation -Wunreachable-code -Wno-implicit-atomic-properties -Werror\=deprecated-objc-isa-usage -Wno-objc-interface-ivars -Werror\=objc-root-class -Wno-arc-repeated-use-of-weak -Wimplicit-retain-self -Wduplicate-method-match -Wno-missing-braces -Wparentheses -Wswitch -Wunused-function -Wno-unused-label -Wno-unused-parameter -Wunused-variable -Wunused-value -Wempty-body -Wuninitialized -Wconditional-uninitialized -Wno-unknown-pragmas -Wno-shadow -Wno-four-char-constants -Wno-conversion -Wconstant-conversion -Wint-conversion -Wbool-conversion -Wenum-conversion -Wno-float-conversion -Wnon-literal-null-conversion -Wobjc-literal-conversion -Wshorten-64-to-32 -Wpointer-sign -Wno-newline-eof -Wno-selector -Wno-strict-selector-match -Wundeclared-selector -Wdeprecated-implementations -Wno-implicit-fallthrough -fstrict-aliasing -Wprotocol -Wdeprecated-declarations -Wno-sign-conversion -Winfinite-recursion -Wcomma -Wblock-capture-autoreleasing -Wstrict-prototypes -Wno-semicolon-before-method-body -Wunguarded-availability -index-store-path /Users/lizhankun/Library/Developer/Xcode/DerivedData/Demo-ccktgstpzkmoikgsrjmedwdczuuk/Index.noindex/DataStore @/Users/lizhankun/Library/Developer/Xcode/DerivedData/Demo-ccktgstpzkmoikgsrjmedwdczuuk/Build/Intermediates.noindex/Demo.build/Debug-iphoneos/Demo.build/Objects-normal/arm64/e6072d4f65d7061329687fe24e3d63a7-common-args.resp -MMD -MT dependencies -MF /Users/lizhankun/Library/Developer/Xcode/DerivedData/Demo-ccktgstpzkmoikgsrjmedwdczuuk/Build/Intermediates.noindex/Demo.build/Debug-iphoneos/Demo.build/Objects-normal/arm64/main.d --serialize-diagnostics /Users/lizhankun/Library/Developer/Xcode/DerivedData/Demo-ccktgstpzkmoikgsrjmedwdczuuk/Build/Intermediates.noindex/Demo.build/Debug-iphoneos/Demo.build/Objects-normal/arm64/main.dia -c /Users/lizhankun/Documents/GitHub/iOS/Architectural\ Patterns/MVCDemo/Demo/main.m -o /Users/lizhankun/Library/Developer/Xcode/DerivedData/Demo-ccktgstpzkmoikgsrjmedwdczuuk/Build/Intermediates.noindex/Demo.build/Debug-iphoneos/Demo.build/Objects-normal/arm64/main.o -index-unit-output-path /Demo.build/Debug-iphoneos/Demo.build/Objects-normal/arm64/main.o

ProcessInfoPlistFile /Users/lizhankun/Library/Developer/Xcode/DerivedData/Demo-ccktgstpzkmoikgsrjmedwdczuuk/Build/Products/Debug-iphoneos/Demo.app/Info.plist /Users/lizhankun/Documents/GitHub/iOS/Architectural\ Patterns/MVCDemo/Demo/Info.plist (in target 'Demo' from project 'Demo')
    cd /Users/lizhankun/Documents/GitHub/iOS/Architectural\ Patterns/MVCDemo
    builtin-infoPlistUtility /Users/lizhankun/Documents/GitHub/iOS/Architectural\ Patterns/MVCDemo/Demo/Info.plist -producttype com.apple.product-type.application -genpkginfo /Users/lizhankun/Library/Developer/Xcode/DerivedData/Demo-ccktgstpzkmoikgsrjmedwdczuuk/Build/Products/Debug-iphoneos/Demo.app/PkgInfo -expandbuildsettings -format binary -platform iphoneos -additionalcontentfile /Users/lizhankun/Library/Developer/Xcode/DerivedData/Demo-ccktgstpzkmoikgsrjmedwdczuuk/Build/Intermediates.noindex/Demo.build/Debug-iphoneos/Demo.build/LaunchScreen-SBPartialInfo.plist -additionalcontentfile /Users/lizhankun/Library/Developer/Xcode/DerivedData/Demo-ccktgstpzkmoikgsrjmedwdczuuk/Build/Intermediates.noindex/Demo.build/Debug-iphoneos/Demo.build/assetcatalog_generated_info.plist -requiredArchitecture arm64 -o /Users/lizhankun/Library/Developer/Xcode/DerivedData/Demo-ccktgstpzkmoikgsrjmedwdczuuk/Build/Products/Debug-iphoneos/Demo.app/Info.plist

LinkStoryboards (in target 'Demo' from project 'Demo')
    cd /Users/lizhankun/Documents/GitHub/iOS/Architectural\ Patterns/MVCDemo
    /Applications/Xcode.app/Contents/Developer/usr/bin/ibtool --errors --warnings --notices --module Demo --target-device iphone --target-device ipad --minimum-deployment-target 17.0 --output-format human-readable-text --link /Users/lizhankun/Library/Developer/Xcode/DerivedData/Demo-ccktgstpzkmoikgsrjmedwdczuuk/Build/Products/Debug-iphoneos/Demo.app /Users/lizhankun/Library/Developer/Xcode/DerivedData/Demo-ccktgstpzkmoikgsrjmedwdczuuk/Build/Intermediates.noindex/Demo.build/Debug-iphoneos/Demo.build/LaunchScreen.storyboardc

Ld /Users/lizhankun/Library/Developer/Xcode/DerivedData/Demo-ccktgstpzkmoikgsrjmedwdczuuk/Build/Products/Debug-iphoneos/Demo.app/Demo normal (in target 'Demo' from project 'Demo')
    cd /Users/lizhankun/Documents/GitHub/iOS/Architectural\ Patterns/MVCDemo
    /Applications/Xcode.app/Contents/Developer/Toolchains/XcodeDefault.xctoolchain/usr/bin/clang -Xlinker -reproducible -target arm64-apple-ios17.0 -isysroot /Applications/Xcode.app/Contents/Developer/Platforms/iPhoneOS.platform/Developer/SDKs/iPhoneOS17.5.sdk -O0 -L/Users/lizhankun/Library/Developer/Xcode/DerivedData/Demo-ccktgstpzkmoikgsrjmedwdczuuk/Build/Intermediates.noindex/EagerLinkingTBDs/Debug-iphoneos -L/Users/lizhankun/Library/Developer/Xcode/DerivedData/Demo-ccktgstpzkmoikgsrjmedwdczuuk/Build/Products/Debug-iphoneos -F/Users/lizhankun/Library/Developer/Xcode/DerivedData/Demo-ccktgstpzkmoikgsrjmedwdczuuk/Build/Intermediates.noindex/EagerLinkingTBDs/Debug-iphoneos -F/Users/lizhankun/Library/Developer/Xcode/DerivedData/Demo-ccktgstpzkmoikgsrjmedwdczuuk/Build/Products/Debug-iphoneos -filelist /Users/lizhankun/Library/Developer/Xcode/DerivedData/Demo-ccktgstpzkmoikgsrjmedwdczuuk/Build/Intermediates.noindex/Demo.build/Debug-iphoneos/Demo.build/Objects-normal/arm64/Demo.LinkFileList -Xlinker -rpath -Xlinker @executable_path/Frameworks -dead_strip -Xlinker -object_path_lto -Xlinker /Users/lizhankun/Library/Developer/Xcode/DerivedData/Demo-ccktgstpzkmoikgsrjmedwdczuuk/Build/Intermediates.noindex/Demo.build/Debug-iphoneos/Demo.build/Objects-normal/arm64/Demo_lto.o -Xlinker -export_dynamic -Xlinker -no_deduplicate -fobjc-arc -fobjc-link-runtime -lPods-share_pods-Demo -Xlinker -dependency_info -Xlinker /Users/lizhankun/Library/Developer/Xcode/DerivedData/Demo-ccktgstpzkmoikgsrjmedwdczuuk/Build/Intermediates.noindex/Demo.build/Debug-iphoneos/Demo.build/Objects-normal/arm64/Demo_dependency_info.dat -o /Users/lizhankun/Library/Developer/Xcode/DerivedData/Demo-ccktgstpzkmoikgsrjmedwdczuuk/Build/Products/Debug-iphoneos/Demo.app/Demo

RegisterExecutionPolicyException /Users/lizhankun/Library/Developer/Xcode/DerivedData/Demo-ccktgstpzkmoikgsrjmedwdczuuk/Build/Products/Debug-iphoneos/Demo.app (in target 'Demo' from project 'Demo')
    cd /Users/lizhankun/Documents/GitHub/iOS/Architectural\ Patterns/MVCDemo
    builtin-RegisterExecutionPolicyException /Users/lizhankun/Library/Developer/Xcode/DerivedData/Demo-ccktgstpzkmoikgsrjmedwdczuuk/Build/Products/Debug-iphoneos/Demo.app

Validate /Users/lizhankun/Library/Developer/Xcode/DerivedData/Demo-ccktgstpzkmoikgsrjmedwdczuuk/Build/Products/Debug-iphoneos/Demo.app (in target 'Demo' from project 'Demo')
    cd /Users/lizhankun/Documents/GitHub/iOS/Architectural\ Patterns/MVCDemo
    builtin-validationUtility /Users/lizhankun/Library/Developer/Xcode/DerivedData/Demo-ccktgstpzkmoikgsrjmedwdczuuk/Build/Products/Debug-iphoneos/Demo.app

Touch /Users/lizhankun/Library/Developer/Xcode/DerivedData/Demo-ccktgstpzkmoikgsrjmedwdczuuk/Build/Products/Debug-iphoneos/Demo.app (in target 'Demo' from project 'Demo')
    cd /Users/lizhankun/Documents/GitHub/iOS/Architectural\ Patterns/MVCDemo
    /usr/bin/touch -c /Users/lizhankun/Library/Developer/Xcode/DerivedData/Demo-ccktgstpzkmoikgsrjmedwdczuuk/Build/Products/Debug-iphoneos/Demo.app

/Users/lizhankun/Documents/GitHub/iOS/Architectural Patterns/MVCDemo/Demo.xcodeproj: error: Signing for "Demo" requires a development team. Select a development team in the Signing & Capabilities editor. (in target 'Demo' from project 'Demo')
/Users/lizhankun/Documents/GitHub/iOS/Architectural Patterns/MVCDemo/Pods/Pods.xcodeproj: warning: The iOS deployment target 'IPHONEOS_DEPLOYMENT_TARGET' is set to 8.0, but the range of supported deployment target versions is 12.0 to 17.5.99. (in target 'Pods-share_pods-Demo' from project 'Pods')
